\BOOKMARK [0][-]{Doc-Start}{Abstract}{}% 1
\BOOKMARK [0][-]{Doc-Start}{Acknowledgements}{}% 2
\BOOKMARK [0][-]{chapter.1}{Introduction}{}% 3
\BOOKMARK [1][-]{section.1.1}{Motivation}{chapter.1}% 4
\BOOKMARK [1][-]{section.1.2}{Contributions}{chapter.1}% 5
\BOOKMARK [0][-]{chapter.2}{Background}{}% 6
\BOOKMARK [1][-]{section.2.1}{Common Terminology}{chapter.2}% 7
\BOOKMARK [1][-]{section.2.2}{Answer Set Programming}{chapter.2}% 8
\BOOKMARK [2][-]{subsection.2.2.1}{Negation As Failure}{section.2.2}% 9
\BOOKMARK [2][-]{subsection.2.2.2}{The Stable Model Semantics}{section.2.2}% 10
\BOOKMARK [2][-]{subsection.2.2.3}{Calculating Answer Sets}{section.2.2}% 11
\BOOKMARK [2][-]{subsection.2.2.4}{ASPAL}{section.2.2}% 12
\BOOKMARK [2][-]{subsection.2.2.5}{ASP Solvers}{section.2.2}% 13
\BOOKMARK [1][-]{section.2.3}{Inductive Functional Programming}{chapter.2}% 14
\BOOKMARK [2][-]{subsection.2.3.1}{Conditional Constructor Systems}{section.2.3}% 15
\BOOKMARK [2][-]{subsection.2.3.2}{Overview of current tools}{section.2.3}% 16
\BOOKMARK [1][-]{section.2.4}{The Target Language, Haskell}{chapter.2}% 17
\BOOKMARK [2][-]{subsection.2.4.1}{The Haskell Syntax}{section.2.4}% 18
\BOOKMARK [0][-]{chapter.3}{The Initial Approach : A Haskell Interpreter in ASP}{}% 19
\BOOKMARK [1][-]{section.3.1}{Target Language}{chapter.3}% 20
\BOOKMARK [2][-]{subsection.3.1.1}{Program Representation}{section.3.1}% 21
\BOOKMARK [1][-]{section.3.2}{Evaluating Rules}{chapter.3}% 22
\BOOKMARK [1][-]{section.3.3}{A Worked Example : Greatest Common Divisor}{chapter.3}% 23
\BOOKMARK [2][-]{subsection.3.3.1}{A Simple Input}{section.3.3}% 24
\BOOKMARK [2][-]{subsection.3.3.2}{A More Complex Example}{section.3.3}% 25
\BOOKMARK [0][-]{chapter.4}{Learning from Examples}{}% 26
\BOOKMARK [1][-]{section.4.1}{Additional Rules}{chapter.4}% 27
\BOOKMARK [1][-]{section.4.2}{Skeleton Rules}{chapter.4}% 28
\BOOKMARK [2][-]{subsection.4.2.1}{Generating Skeleton Rules}{section.4.2}% 29
\BOOKMARK [2][-]{subsection.4.2.2}{Choice Rules}{section.4.2}% 30
\BOOKMARK [2][-]{subsection.4.2.3}{Rule combinations}{section.4.2}% 31
\BOOKMARK [2][-]{subsection.4.2.4}{Learning Match Rules}{section.4.2}% 32
\BOOKMARK [1][-]{section.4.3}{Multiple Solutions and Optimisation}{chapter.4}% 33
\BOOKMARK [1][-]{section.4.4}{A Worked Example : Learning GCD}{chapter.4}% 34
\BOOKMARK [1][-]{section.4.5}{Performance Issues}{chapter.4}% 35
\BOOKMARK [2][-]{subsection.4.5.1}{Potential Optimisations}{section.4.5}% 36
\BOOKMARK [0][-]{chapter.5}{A Second Approach : Constraint Based Learning}{}% 37
\BOOKMARK [1][-]{section.5.1}{Top Down Vs. Bottom Up}{chapter.5}% 38
\BOOKMARK [2][-]{subsection.5.1.1}{Dealing with termination}{section.5.1}% 39
\BOOKMARK [1][-]{section.5.2}{ASP Representation}{chapter.5}% 40
\BOOKMARK [1][-]{section.5.3}{Learning}{chapter.5}% 41
\BOOKMARK [2][-]{subsection.5.3.1}{Using inbuilt arithmetic}{section.5.3}% 42
\BOOKMARK [1][-]{section.5.4}{A Worked Example : Greatest common divisor}{chapter.5}% 43
\BOOKMARK [1][-]{section.5.5}{Performance}{chapter.5}% 44
\BOOKMARK [2][-]{subsection.5.5.1}{Reducing the language bias}{section.5.5}% 45
\BOOKMARK [0][-]{chapter.6}{Front end implementation : Building a working UI}{}% 46
\BOOKMARK [1][-]{section.6.1}{User's Manual}{chapter.6}% 47
\BOOKMARK [2][-]{subsection.6.1.1}{Entering examples}{section.6.1}% 48
\BOOKMARK [2][-]{subsection.6.1.2}{The Learning Step}{section.6.1}% 49
\BOOKMARK [2][-]{subsection.6.1.3}{Example autocompletion}{section.6.1}% 50
\BOOKMARK [2][-]{subsection.6.1.4}{Combining functions}{section.6.1}% 51
\BOOKMARK [2][-]{subsection.6.1.5}{Restricting the Language Bias}{section.6.1}% 52
\BOOKMARK [2][-]{subsection.6.1.6}{Handling errors}{section.6.1}% 53
\BOOKMARK [1][-]{section.6.2}{The Design Process}{chapter.6}% 54
\BOOKMARK [1][-]{section.6.3}{Writing the Backend}{chapter.6}% 55
\BOOKMARK [1][-]{section.6.4}{Technologies Used}{chapter.6}% 56
\BOOKMARK [2][-]{subsection.6.4.1}{Play Framework and Akka}{section.6.4}% 57
\BOOKMARK [2][-]{subsection.6.4.2}{Bootstrap}{section.6.4}% 58
\BOOKMARK [1][-]{section.6.5}{User Feedback and Evaluation}{chapter.6}% 59
\BOOKMARK [0][-]{chapter.7}{Critical Evaluation}{}% 60
\BOOKMARK [1][-]{section.7.1}{Generated Code}{chapter.7}% 61
\BOOKMARK [2][-]{subsection.7.1.1}{Factorial}{section.7.1}% 62
\BOOKMARK [2][-]{subsection.7.1.2}{Fibonacci}{section.7.1}% 63
\BOOKMARK [2][-]{subsection.7.1.3}{Powers of 2}{section.7.1}% 64
\BOOKMARK [2][-]{subsection.7.1.4}{Tail Recursive Factorial}{section.7.1}% 65
\BOOKMARK [2][-]{subsection.7.1.5}{Greatest Common Divisor}{section.7.1}% 66
\BOOKMARK [1][-]{section.7.2}{Performance Statistics}{chapter.7}% 67
\BOOKMARK [1][-]{section.7.3}{Comparison to Existing Tools}{chapter.7}% 68
\BOOKMARK [2][-]{subsection.7.3.1}{MagicHaskeller}{section.7.3}% 69
\BOOKMARK [2][-]{subsection.7.3.2}{Igor II}{section.7.3}% 70
\BOOKMARK [0][-]{chapter.8}{Conclusions and Future Work}{}% 71
\BOOKMARK [1][-]{section.8.1}{Conclusions}{chapter.8}% 72
\BOOKMARK [2][-]{subsection.8.1.1}{Learning}{section.8.1}% 73
\BOOKMARK [2][-]{subsection.8.1.2}{UI}{section.8.1}% 74
\BOOKMARK [1][-]{section.8.2}{Future Work}{chapter.8}% 75
\BOOKMARK [2][-]{subsection.8.2.1}{Type Usage}{section.8.2}% 76
\BOOKMARK [2][-]{subsection.8.2.2}{Lists and Strings}{section.8.2}% 77
\BOOKMARK [2][-]{subsection.8.2.3}{Expanding the Background Knowledge}{section.8.2}% 78
\BOOKMARK [2][-]{subsection.8.2.4}{Advanced Skeleton Rule Generation}{section.8.2}% 79
\BOOKMARK [2][-]{subsection.8.2.5}{Supporting Multiple Function Calls}{section.8.2}% 80
\BOOKMARK [2][-]{subsection.8.2.6}{Advanced Optimisation}{section.8.2}% 81
\BOOKMARK [2][-]{subsection.8.2.7}{Parallel Learning}{section.8.2}% 82
\BOOKMARK [0][-]{appendix.A}{Full Experimental Results}{}% 83
\BOOKMARK [1][-]{section.A.1}{One Argument Programs}{appendix.A}% 84
\BOOKMARK [2][-]{subsection.A.1.1}{Factorial}{section.A.1}% 85
\BOOKMARK [2][-]{subsection.A.1.2}{Fibonacci}{section.A.1}% 86
\BOOKMARK [2][-]{subsection.A.1.3}{Powers of 2}{section.A.1}% 87
\BOOKMARK [1][-]{section.A.2}{Two Argument Programs}{appendix.A}% 88
\BOOKMARK [2][-]{subsection.A.2.1}{Tail Recursive Factorial}{section.A.2}% 89
\BOOKMARK [2][-]{subsection.A.2.2}{Greatest Common Divisor}{section.A.2}% 90
